Analysis & Synthesis report for controle_servo
Sun Sep 03 23:18:33 2023
Quartus Prime Version 20.1.1 Build 720 11/11/2020 SJ Lite Edition


---------------------
; Table of Contents ;
---------------------
  1. Legal Notice
  2. Analysis & Synthesis Summary
  3. Analysis & Synthesis Settings
  4. Parallel Compilation
  5. Analysis & Synthesis Source Files Read
  6. Analysis & Synthesis Resource Usage Summary
  7. Analysis & Synthesis Resource Utilization by Entity
  8. Registers Removed During Synthesis
  9. General Register Statistics
 10. Parameter Settings for User Entity Instance: circuito_pwm:pwm
 11. Post-Synthesis Netlist Statistics for Top Partition
 12. Elapsed Time Per Partition
 13. Analysis & Synthesis Messages



----------------
; Legal Notice ;
----------------
Copyright (C) 2020  Intel Corporation. All rights reserved.
Your use of Intel Corporation's design tools, logic functions 
and other software and tools, and any partner logic 
functions, and any output files from any of the foregoing 
(including device programming or simulation files), and any 
associated documentation or information are expressly subject 
to the terms and conditions of the Intel Program License 
Subscription Agreement, the Intel Quartus Prime License Agreement,
the Intel FPGA IP License Agreement, or other applicable license
agreement, including, without limitation, that your use is for
the sole purpose of programming logic devices manufactured by
Intel and sold by Intel or its authorized distributors.  Please
refer to the applicable agreement for further details, at
https://fpgasoftware.intel.com/eula.



+-------------------------------------------------------------------------------+
; Analysis & Synthesis Summary                                                  ;
+---------------------------------+---------------------------------------------+
; Analysis & Synthesis Status     ; Successful - Sun Sep 03 23:18:33 2023       ;
; Quartus Prime Version           ; 20.1.1 Build 720 11/11/2020 SJ Lite Edition ;
; Revision Name                   ; controle_servo                              ;
; Top-level Entity Name           ; controle_servo                              ;
; Family                          ; Cyclone V                                   ;
; Logic utilization (in ALMs)     ; N/A                                         ;
; Total registers                 ; 26                                          ;
; Total pins                      ; 5                                           ;
; Total virtual pins              ; 0                                           ;
; Total block memory bits         ; 0                                           ;
; Total DSP Blocks                ; 0                                           ;
; Total HSSI RX PCSs              ; 0                                           ;
; Total HSSI PMA RX Deserializers ; 0                                           ;
; Total HSSI TX PCSs              ; 0                                           ;
; Total HSSI PMA TX Serializers   ; 0                                           ;
; Total PLLs                      ; 0                                           ;
; Total DLLs                      ; 0                                           ;
+---------------------------------+---------------------------------------------+


+---------------------------------------------------------------------------------------------------------------------------+
; Analysis & Synthesis Settings                                                                                             ;
+---------------------------------------------------------------------------------+--------------------+--------------------+
; Option                                                                          ; Setting            ; Default Value      ;
+---------------------------------------------------------------------------------+--------------------+--------------------+
; Device                                                                          ; 5CEBA4F23C7        ;                    ;
; Top-level entity name                                                           ; controle_servo     ; controle_servo     ;
; Family name                                                                     ; Cyclone V          ; Cyclone V          ;
; Use smart compilation                                                           ; Off                ; Off                ;
; Enable parallel Assembler and Timing Analyzer during compilation                ; On                 ; On                 ;
; Enable compact report table                                                     ; Off                ; Off                ;
; Restructure Multiplexers                                                        ; Auto               ; Auto               ;
; MLAB Add Timing Constraints For Mixed-Port Feed-Through Mode Setting Don't Care ; Off                ; Off                ;
; Create Debugging Nodes for IP Cores                                             ; Off                ; Off                ;
; Preserve fewer node names                                                       ; On                 ; On                 ;
; Intel FPGA IP Evaluation Mode                                                   ; Enable             ; Enable             ;
; Verilog Version                                                                 ; Verilog_2001       ; Verilog_2001       ;
; VHDL Version                                                                    ; VHDL_1993          ; VHDL_1993          ;
; State Machine Processing                                                        ; Auto               ; Auto               ;
; Safe State Machine                                                              ; Off                ; Off                ;
; Extract Verilog State Machines                                                  ; On                 ; On                 ;
; Extract VHDL State Machines                                                     ; On                 ; On                 ;
; Ignore Verilog initial constructs                                               ; Off                ; Off                ;
; Iteration limit for constant Verilog loops                                      ; 5000               ; 5000               ;
; Iteration limit for non-constant Verilog loops                                  ; 250                ; 250                ;
; Add Pass-Through Logic to Inferred RAMs                                         ; On                 ; On                 ;
; Infer RAMs from Raw Logic                                                       ; On                 ; On                 ;
; Parallel Synthesis                                                              ; On                 ; On                 ;
; DSP Block Balancing                                                             ; Auto               ; Auto               ;
; NOT Gate Push-Back                                                              ; On                 ; On                 ;
; Power-Up Don't Care                                                             ; On                 ; On                 ;
; Remove Redundant Logic Cells                                                    ; Off                ; Off                ;
; Remove Duplicate Registers                                                      ; On                 ; On                 ;
; Ignore CARRY Buffers                                                            ; Off                ; Off                ;
; Ignore CASCADE Buffers                                                          ; Off                ; Off                ;
; Ignore GLOBAL Buffers                                                           ; Off                ; Off                ;
; Ignore ROW GLOBAL Buffers                                                       ; Off                ; Off                ;
; Ignore LCELL Buffers                                                            ; Off                ; Off                ;
; Ignore SOFT Buffers                                                             ; On                 ; On                 ;
; Limit AHDL Integers to 32 Bits                                                  ; Off                ; Off                ;
; Optimization Technique                                                          ; Balanced           ; Balanced           ;
; Carry Chain Length                                                              ; 70                 ; 70                 ;
; Auto Carry Chains                                                               ; On                 ; On                 ;
; Auto Open-Drain Pins                                                            ; On                 ; On                 ;
; Perform WYSIWYG Primitive Resynthesis                                           ; Off                ; Off                ;
; Auto ROM Replacement                                                            ; On                 ; On                 ;
; Auto RAM Replacement                                                            ; On                 ; On                 ;
; Auto DSP Block Replacement                                                      ; On                 ; On                 ;
; Auto Shift Register Replacement                                                 ; Auto               ; Auto               ;
; Allow Shift Register Merging across Hierarchies                                 ; Auto               ; Auto               ;
; Auto Clock Enable Replacement                                                   ; On                 ; On                 ;
; Strict RAM Replacement                                                          ; Off                ; Off                ;
; Allow Synchronous Control Signals                                               ; On                 ; On                 ;
; Force Use of Synchronous Clear Signals                                          ; Off                ; Off                ;
; Auto Resource Sharing                                                           ; Off                ; Off                ;
; Allow Any RAM Size For Recognition                                              ; Off                ; Off                ;
; Allow Any ROM Size For Recognition                                              ; Off                ; Off                ;
; Allow Any Shift Register Size For Recognition                                   ; Off                ; Off                ;
; Use LogicLock Constraints during Resource Balancing                             ; On                 ; On                 ;
; Ignore translate_off and synthesis_off directives                               ; Off                ; Off                ;
; Timing-Driven Synthesis                                                         ; On                 ; On                 ;
; Report Parameter Settings                                                       ; On                 ; On                 ;
; Report Source Assignments                                                       ; On                 ; On                 ;
; Report Connectivity Checks                                                      ; On                 ; On                 ;
; Ignore Maximum Fan-Out Assignments                                              ; Off                ; Off                ;
; Synchronization Register Chain Length                                           ; 3                  ; 3                  ;
; Power Optimization During Synthesis                                             ; Normal compilation ; Normal compilation ;
; HDL message level                                                               ; Level2             ; Level2             ;
; Suppress Register Optimization Related Messages                                 ; Off                ; Off                ;
; Number of Removed Registers Reported in Synthesis Report                        ; 5000               ; 5000               ;
; Number of Swept Nodes Reported in Synthesis Report                              ; 5000               ; 5000               ;
; Number of Inverted Registers Reported in Synthesis Report                       ; 100                ; 100                ;
; Clock MUX Protection                                                            ; On                 ; On                 ;
; Auto Gated Clock Conversion                                                     ; Off                ; Off                ;
; Block Design Naming                                                             ; Auto               ; Auto               ;
; SDC constraint protection                                                       ; Off                ; Off                ;
; Synthesis Effort                                                                ; Auto               ; Auto               ;
; Shift Register Replacement - Allow Asynchronous Clear Signal                    ; On                 ; On                 ;
; Pre-Mapping Resynthesis Optimization                                            ; Off                ; Off                ;
; Analysis & Synthesis Message Level                                              ; Medium             ; Medium             ;
; Disable Register Merging Across Hierarchies                                     ; Auto               ; Auto               ;
; Resource Aware Inference For Block RAM                                          ; On                 ; On                 ;
; Automatic Parallel Synthesis                                                    ; On                 ; On                 ;
; Partial Reconfiguration Bitstream ID                                            ; Off                ; Off                ;
+---------------------------------------------------------------------------------+--------------------+--------------------+


+------------------------------------------+
; Parallel Compilation                     ;
+----------------------------+-------------+
; Processors                 ; Number      ;
+----------------------------+-------------+
; Number detected on machine ; 12          ;
; Maximum allowed            ; 6           ;
;                            ;             ;
; Average used               ; 1.00        ;
; Maximum used               ; 6           ;
;                            ;             ;
; Usage by Processor         ; % Time Used ;
;     Processor 1            ; 100.0%      ;
;     Processors 2-6         ;   0.0%      ;
+----------------------------+-------------+


+---------------------------------------------------------------------------------------------------------------------------------------------------------------------------------------------------------------------------+
; Analysis & Synthesis Source Files Read                                                                                                                                                                                    ;
+----------------------------------+-----------------+-----------------+------------------------------------------------------------------------------------------------------------------------------------------+---------+
; File Name with User-Entered Path ; Used in Netlist ; File Type       ; File Name with Absolute Path                                                                                                             ; Library ;
+----------------------------------+-----------------+-----------------+------------------------------------------------------------------------------------------------------------------------------------------+---------+
; circuito_pwm.vhd                 ; yes             ; User VHDL File  ; C:/Users/maria/OneDrive/Documentos/0.POLI/2_quadri/PCS3645_labdig2/github/PCS3645-labdigi2/experiencia1/ativ2_quartus/circuito_pwm.vhd   ;         ;
; controle_servo.vhd               ; yes             ; User VHDL File  ; C:/Users/maria/OneDrive/Documentos/0.POLI/2_quadri/PCS3645_labdig2/github/PCS3645-labdigi2/experiencia1/ativ2_quartus/controle_servo.vhd ;         ;
+----------------------------------+-----------------+-----------------+------------------------------------------------------------------------------------------------------------------------------------------+---------+


+-----------------------------------------------------------+
; Analysis & Synthesis Resource Usage Summary               ;
+---------------------------------------------+-------------+
; Resource                                    ; Usage       ;
+---------------------------------------------+-------------+
; Estimate of Logic utilization (ALMs needed) ; 32          ;
;                                             ;             ;
; Combinational ALUT usage for logic          ; 54          ;
;     -- 7 input functions                    ; 0           ;
;     -- 6 input functions                    ; 9           ;
;     -- 5 input functions                    ; 3           ;
;     -- 4 input functions                    ; 7           ;
;     -- <=3 input functions                  ; 35          ;
;                                             ;             ;
; Dedicated logic registers                   ; 26          ;
;                                             ;             ;
; I/O pins                                    ; 5           ;
;                                             ;             ;
; Total DSP Blocks                            ; 0           ;
;                                             ;             ;
; Maximum fan-out node                        ; reset~input ;
; Maximum fan-out                             ; 36          ;
; Total fan-out                               ; 281         ;
; Average fan-out                             ; 3.12        ;
+---------------------------------------------+-------------+


+--------------------------------------------------------------------------------------------------------------------------------------------------------------------------------------------------------+
; Analysis & Synthesis Resource Utilization by Entity                                                                                                                                                    ;
+----------------------------+---------------------+---------------------------+-------------------+------------+------+--------------+----------------------------------+----------------+--------------+
; Compilation Hierarchy Node ; Combinational ALUTs ; Dedicated Logic Registers ; Block Memory Bits ; DSP Blocks ; Pins ; Virtual Pins ; Full Hierarchy Name              ; Entity Name    ; Library Name ;
+----------------------------+---------------------+---------------------------+-------------------+------------+------+--------------+----------------------------------+----------------+--------------+
; |controle_servo            ; 54 (0)              ; 26 (0)                    ; 0                 ; 0          ; 5    ; 0            ; |controle_servo                  ; controle_servo ; work         ;
;    |circuito_pwm:pwm|      ; 54 (54)             ; 26 (26)                   ; 0                 ; 0          ; 0    ; 0            ; |controle_servo|circuito_pwm:pwm ; circuito_pwm   ; work         ;
+----------------------------+---------------------+---------------------------+-------------------+------------+------+--------------+----------------------------------+----------------+--------------+
Note: For table entries with two numbers listed, the numbers in parentheses indicate the number of resources of the given type used by the specific entity alone. The numbers listed outside of parentheses indicate the total resources of the given type used by the specific entity and all of its sub-entities in the hierarchy.


+------------------------------------------------------------------------------------------------+
; Registers Removed During Synthesis                                                             ;
+-------------------------------------------------+----------------------------------------------+
; Register name                                   ; Reason for Removal                           ;
+-------------------------------------------------+----------------------------------------------+
; circuito_pwm:pwm|largura_pwm[0..2,11,12,17..19] ; Stuck at GND due to stuck port data_in       ;
; circuito_pwm:pwm|largura_pwm[5,7,16]            ; Merged with circuito_pwm:pwm|largura_pwm[10] ;
; circuito_pwm:pwm|largura_pwm[9]                 ; Merged with circuito_pwm:pwm|largura_pwm[15] ;
; circuito_pwm:pwm|largura_pwm[8]                 ; Merged with circuito_pwm:pwm|largura_pwm[14] ;
; circuito_pwm:pwm|largura_pwm[6]                 ; Merged with circuito_pwm:pwm|largura_pwm[4]  ;
; circuito_pwm:pwm|largura_pwm[3]                 ; Merged with circuito_pwm:pwm|largura_pwm[13] ;
; Total Number of Removed Registers = 15          ;                                              ;
+-------------------------------------------------+----------------------------------------------+


+------------------------------------------------------+
; General Register Statistics                          ;
+----------------------------------------------+-------+
; Statistic                                    ; Value ;
+----------------------------------------------+-------+
; Total registers                              ; 26    ;
; Number of registers using Synchronous Clear  ; 20    ;
; Number of registers using Synchronous Load   ; 0     ;
; Number of registers using Asynchronous Clear ; 26    ;
; Number of registers using Asynchronous Load  ; 0     ;
; Number of registers using Clock Enable       ; 5     ;
; Number of registers using Preset             ; 0     ;
+----------------------------------------------+-------+


+---------------------------------------------------------------+
; Parameter Settings for User Entity Instance: circuito_pwm:pwm ;
+----------------+---------+------------------------------------+
; Parameter Name ; Value   ; Type                               ;
+----------------+---------+------------------------------------+
; conf_periodo   ; 1000000 ; Signed Integer                     ;
; largura_00     ; 0       ; Signed Integer                     ;
; largura_01     ; 50000   ; Signed Integer                     ;
; largura_10     ; 75000   ; Signed Integer                     ;
; largura_11     ; 100000  ; Signed Integer                     ;
+----------------+---------+------------------------------------+
Note: In order to hide this table in the UI and the text report file, please set the "Show Parameter Settings in Synthesis Report" option in "Analysis and Synthesis Settings -> More Settings" to "Off".


+-----------------------------------------------------+
; Post-Synthesis Netlist Statistics for Top Partition ;
+-----------------------+-----------------------------+
; Type                  ; Count                       ;
+-----------------------+-----------------------------+
; arriav_ff             ; 26                          ;
;     CLR               ; 1                           ;
;     CLR SCLR          ; 20                          ;
;     ENA CLR           ; 5                           ;
; arriav_lcell_comb     ; 54                          ;
;     arith             ; 20                          ;
;         1 data inputs ; 20                          ;
;     normal            ; 34                          ;
;         2 data inputs ; 9                           ;
;         3 data inputs ; 6                           ;
;         4 data inputs ; 7                           ;
;         5 data inputs ; 3                           ;
;         6 data inputs ; 9                           ;
; boundary_port         ; 5                           ;
;                       ;                             ;
; Max LUT depth         ; 5.00                        ;
; Average LUT depth     ; 2.91                        ;
+-----------------------+-----------------------------+


+-------------------------------+
; Elapsed Time Per Partition    ;
+----------------+--------------+
; Partition Name ; Elapsed Time ;
+----------------+--------------+
; Top            ; 00:00:00     ;
+----------------+--------------+


+-------------------------------+
; Analysis & Synthesis Messages ;
+-------------------------------+
Info: *******************************************************************
Info: Running Quartus Prime Analysis & Synthesis
    Info: Version 20.1.1 Build 720 11/11/2020 SJ Lite Edition
    Info: Processing started: Sun Sep 03 23:18:24 2023
Info: Command: quartus_map --read_settings_files=on --write_settings_files=off controle_servo -c controle_servo
Warning (18236): Number of processors has not been specified which may cause overloading on shared machines.  Set the global assignment NUM_PARALLEL_PROCESSORS in your QSF to an appropriate value for best performance.
Info (20030): Parallel compilation is enabled and will use 6 of the 6 processors detected
Info (12021): Found 2 design units, including 1 entities, in source file controle_servo_tb.vhd
    Info (12022): Found design unit 1: controle_servo_tb-tb File: C:/Users/maria/OneDrive/Documentos/0.POLI/2_quadri/PCS3645_labdig2/github/PCS3645-labdigi2/experiencia1/ativ2_quartus/controle_servo_tb.vhd Line: 22
    Info (12023): Found entity 1: controle_servo_tb File: C:/Users/maria/OneDrive/Documentos/0.POLI/2_quadri/PCS3645_labdig2/github/PCS3645-labdigi2/experiencia1/ativ2_quartus/controle_servo_tb.vhd Line: 19
Info (12021): Found 2 design units, including 1 entities, in source file circuito_pwm_tb.vhd
    Info (12022): Found design unit 1: circuito_pwm_tb-tb File: C:/Users/maria/OneDrive/Documentos/0.POLI/2_quadri/PCS3645_labdig2/github/PCS3645-labdigi2/experiencia1/ativ2_quartus/circuito_pwm_tb.vhd Line: 21
    Info (12023): Found entity 1: circuito_pwm_tb File: C:/Users/maria/OneDrive/Documentos/0.POLI/2_quadri/PCS3645_labdig2/github/PCS3645-labdigi2/experiencia1/ativ2_quartus/circuito_pwm_tb.vhd Line: 18
Info (12021): Found 2 design units, including 1 entities, in source file circuito_pwm.vhd
    Info (12022): Found design unit 1: circuito_pwm-rtl File: C:/Users/maria/OneDrive/Documentos/0.POLI/2_quadri/PCS3645_labdig2/github/PCS3645-labdigi2/experiencia1/ativ2_quartus/circuito_pwm.vhd Line: 44
    Info (12023): Found entity 1: circuito_pwm File: C:/Users/maria/OneDrive/Documentos/0.POLI/2_quadri/PCS3645_labdig2/github/PCS3645-labdigi2/experiencia1/ativ2_quartus/circuito_pwm.vhd Line: 28
Info (12021): Found 2 design units, including 1 entities, in source file controle_servo.vhd
    Info (12022): Found design unit 1: controle_servo-structural File: C:/Users/maria/OneDrive/Documentos/0.POLI/2_quadri/PCS3645_labdig2/github/PCS3645-labdigi2/experiencia1/ativ2_quartus/controle_servo.vhd Line: 30
    Info (12023): Found entity 1: controle_servo File: C:/Users/maria/OneDrive/Documentos/0.POLI/2_quadri/PCS3645_labdig2/github/PCS3645-labdigi2/experiencia1/ativ2_quartus/controle_servo.vhd Line: 21
Info (12127): Elaborating entity "controle_servo" for the top level hierarchy
Info (12128): Elaborating entity "circuito_pwm" for hierarchy "circuito_pwm:pwm" File: C:/Users/maria/OneDrive/Documentos/0.POLI/2_quadri/PCS3645_labdig2/github/PCS3645-labdigi2/experiencia1/ativ2_quartus/controle_servo.vhd Line: 50
Warning (13004): Presettable and clearable registers converted to equivalent circuits with latches. Registers power-up to an undefined state, and DEVCLRn places the registers in an undefined state.
    Warning (13310): Register "circuito_pwm:pwm|largura_pwm[10]" is converted into an equivalent circuit using register "circuito_pwm:pwm|largura_pwm[10]~_emulated" and latch "circuito_pwm:pwm|largura_pwm[10]~1" File: C:/Users/maria/OneDrive/Documentos/0.POLI/2_quadri/PCS3645_labdig2/github/PCS3645-labdigi2/experiencia1/ativ2_quartus/circuito_pwm.vhd Line: 55
    Warning (13310): Register "circuito_pwm:pwm|largura_pwm[15]" is converted into an equivalent circuit using register "circuito_pwm:pwm|largura_pwm[15]~_emulated" and latch "circuito_pwm:pwm|largura_pwm[15]~5" File: C:/Users/maria/OneDrive/Documentos/0.POLI/2_quadri/PCS3645_labdig2/github/PCS3645-labdigi2/experiencia1/ativ2_quartus/circuito_pwm.vhd Line: 55
    Warning (13310): Register "circuito_pwm:pwm|largura_pwm[14]" is converted into an equivalent circuit using register "circuito_pwm:pwm|largura_pwm[14]~_emulated" and latch "circuito_pwm:pwm|largura_pwm[14]~9" File: C:/Users/maria/OneDrive/Documentos/0.POLI/2_quadri/PCS3645_labdig2/github/PCS3645-labdigi2/experiencia1/ativ2_quartus/circuito_pwm.vhd Line: 55
    Warning (13310): Register "circuito_pwm:pwm|largura_pwm[13]" is converted into an equivalent circuit using register "circuito_pwm:pwm|largura_pwm[13]~_emulated" and latch "circuito_pwm:pwm|largura_pwm[13]~13" File: C:/Users/maria/OneDrive/Documentos/0.POLI/2_quadri/PCS3645_labdig2/github/PCS3645-labdigi2/experiencia1/ativ2_quartus/circuito_pwm.vhd Line: 55
    Warning (13310): Register "circuito_pwm:pwm|largura_pwm[4]" is converted into an equivalent circuit using register "circuito_pwm:pwm|largura_pwm[4]~_emulated" and latch "circuito_pwm:pwm|largura_pwm[4]~17" File: C:/Users/maria/OneDrive/Documentos/0.POLI/2_quadri/PCS3645_labdig2/github/PCS3645-labdigi2/experiencia1/ativ2_quartus/circuito_pwm.vhd Line: 55
Info (286030): Timing-Driven Synthesis is running
Info (16010): Generating hard_block partition "hard_block:auto_generated_inst"
    Info (16011): Adding 0 node(s), including 0 DDIO, 0 PLL, 0 transceiver and 0 LCELL
Info (21057): Implemented 59 device resources after synthesis - the final resource count might be different
    Info (21058): Implemented 4 input pins
    Info (21059): Implemented 1 output pins
    Info (21061): Implemented 54 logic cells
Info: Quartus Prime Analysis & Synthesis was successful. 0 errors, 7 warnings
    Info: Peak virtual memory: 4870 megabytes
    Info: Processing ended: Sun Sep 03 23:18:33 2023
    Info: Elapsed time: 00:00:09
    Info: Total CPU time (on all processors): 00:00:19


